INFO - 2023-08-22 09:42:19 --> Session: Class initialized using 'CodeIgniter\Session\Handlers\FileHandler' driver.
ERROR - 2023-08-22 09:42:19 --> Error connecting to the database: mysqli_sql_exception: Unknown database 'scap' in D:\laragon\www\scap\system\Database\MySQLi\Connection.php:174
Stack trace:
#0 D:\laragon\www\scap\system\Database\MySQLi\Connection.php(174): mysqli->real_connect('localhost', 'root', '', 'scap', 3306, '', 0)
#1 D:\laragon\www\scap\system\Database\BaseConnection.php(391): CodeIgniter\Database\MySQLi\Connection->connect(false)
#2 D:\laragon\www\scap\system\Database\BaseConnection.php(573): CodeIgniter\Database\BaseConnection->initialize()
#3 D:\laragon\www\scap\app\Controllers\Home.php(20): CodeIgniter\Database\BaseConnection->query('SELECT *\n      ...')
#4 D:\laragon\www\scap\system\CodeIgniter.php(934): App\Controllers\Home->index()
#5 D:\laragon\www\scap\system\CodeIgniter.php(499): CodeIgniter\CodeIgniter->runController(Object(App\Controllers\Home))
#6 D:\laragon\www\scap\system\CodeIgniter.php(368): CodeIgniter\CodeIgniter->handleRequest(NULL, Object(Config\Cache), false)
#7 D:\laragon\www\scap\index.php(67): CodeIgniter\CodeIgniter->run()
#8 {main}

Next CodeIgniter\Database\Exceptions\DatabaseException: Unknown database 'scap' in D:\laragon\www\scap\system\Database\MySQLi\Connection.php:218
Stack trace:
#0 D:\laragon\www\scap\system\Database\BaseConnection.php(391): CodeIgniter\Database\MySQLi\Connection->connect(false)
#1 D:\laragon\www\scap\system\Database\BaseConnection.php(573): CodeIgniter\Database\BaseConnection->initialize()
#2 D:\laragon\www\scap\app\Controllers\Home.php(20): CodeIgniter\Database\BaseConnection->query('SELECT *\n      ...')
#3 D:\laragon\www\scap\system\CodeIgniter.php(934): App\Controllers\Home->index()
#4 D:\laragon\www\scap\system\CodeIgniter.php(499): CodeIgniter\CodeIgniter->runController(Object(App\Controllers\Home))
#5 D:\laragon\www\scap\system\CodeIgniter.php(368): CodeIgniter\CodeIgniter->handleRequest(NULL, Object(Config\Cache), false)
#6 D:\laragon\www\scap\index.php(67): CodeIgniter\CodeIgniter->run()
#7 {main}
CRITICAL - 2023-08-22 09:42:19 --> Unable to connect to the database.
Main connection [MySQLi]: Unknown database 'scap'
in SYSTEMPATH\Database\BaseConnection.php on line 427.
 1 SYSTEMPATH\Database\BaseConnection.php(573): CodeIgniter\Database\BaseConnection->initialize()
 2 APPPATH\Controllers\Home.php(20): CodeIgniter\Database\BaseConnection->query('SELECT *
            FROM asistencia a 
            INNER JOIN usuario u ON u.usu_id = a.usu_id
            WHERE a.asi_fecha = \'2023-08-22\'
            ORDER BY a.asi_id DESC')
 3 SYSTEMPATH\CodeIgniter.php(934): App\Controllers\Home->index()
 4 SYSTEMPATH\CodeIgniter.php(499): CodeIgniter\CodeIgniter->runController(Object(App\Controllers\Home))
 5 SYSTEMPATH\CodeIgniter.php(368): CodeIgniter\CodeIgniter->handleRequest(null, Object(Config\Cache), false)
 6 FCPATH\index.php(67): CodeIgniter\CodeIgniter->run()
INFO - 2023-08-22 10:25:54 --> Session: Class initialized using 'CodeIgniter\Session\Handlers\FileHandler' driver.
ERROR - 2023-08-22 10:25:54 --> Error connecting to the database: mysqli_sql_exception: Unknown database 'scap' in D:\laragon\www\scap\system\Database\MySQLi\Connection.php:174
Stack trace:
#0 D:\laragon\www\scap\system\Database\MySQLi\Connection.php(174): mysqli->real_connect('localhost', 'root', '', 'scap', 3306, '', 0)
#1 D:\laragon\www\scap\system\Database\BaseConnection.php(391): CodeIgniter\Database\MySQLi\Connection->connect(false)
#2 D:\laragon\www\scap\system\Database\BaseConnection.php(573): CodeIgniter\Database\BaseConnection->initialize()
#3 D:\laragon\www\scap\app\Controllers\Home.php(20): CodeIgniter\Database\BaseConnection->query('SELECT *\n      ...')
#4 D:\laragon\www\scap\system\CodeIgniter.php(934): App\Controllers\Home->index()
#5 D:\laragon\www\scap\system\CodeIgniter.php(499): CodeIgniter\CodeIgniter->runController(Object(App\Controllers\Home))
#6 D:\laragon\www\scap\system\CodeIgniter.php(368): CodeIgniter\CodeIgniter->handleRequest(NULL, Object(Config\Cache), false)
#7 D:\laragon\www\scap\index.php(67): CodeIgniter\CodeIgniter->run()
#8 {main}

Next CodeIgniter\Database\Exceptions\DatabaseException: Unknown database 'scap' in D:\laragon\www\scap\system\Database\MySQLi\Connection.php:218
Stack trace:
#0 D:\laragon\www\scap\system\Database\BaseConnection.php(391): CodeIgniter\Database\MySQLi\Connection->connect(false)
#1 D:\laragon\www\scap\system\Database\BaseConnection.php(573): CodeIgniter\Database\BaseConnection->initialize()
#2 D:\laragon\www\scap\app\Controllers\Home.php(20): CodeIgniter\Database\BaseConnection->query('SELECT *\n      ...')
#3 D:\laragon\www\scap\system\CodeIgniter.php(934): App\Controllers\Home->index()
#4 D:\laragon\www\scap\system\CodeIgniter.php(499): CodeIgniter\CodeIgniter->runController(Object(App\Controllers\Home))
#5 D:\laragon\www\scap\system\CodeIgniter.php(368): CodeIgniter\CodeIgniter->handleRequest(NULL, Object(Config\Cache), false)
#6 D:\laragon\www\scap\index.php(67): CodeIgniter\CodeIgniter->run()
#7 {main}
CRITICAL - 2023-08-22 10:25:54 --> Unable to connect to the database.
Main connection [MySQLi]: Unknown database 'scap'
in SYSTEMPATH\Database\BaseConnection.php on line 427.
 1 SYSTEMPATH\Database\BaseConnection.php(573): CodeIgniter\Database\BaseConnection->initialize()
 2 APPPATH\Controllers\Home.php(20): CodeIgniter\Database\BaseConnection->query('SELECT *
            FROM asistencia a 
            INNER JOIN usuario u ON u.usu_id = a.usu_id
            WHERE a.asi_fecha = \'2023-08-22\'
            ORDER BY a.asi_id DESC')
 3 SYSTEMPATH\CodeIgniter.php(934): App\Controllers\Home->index()
 4 SYSTEMPATH\CodeIgniter.php(499): CodeIgniter\CodeIgniter->runController(Object(App\Controllers\Home))
 5 SYSTEMPATH\CodeIgniter.php(368): CodeIgniter\CodeIgniter->handleRequest(null, Object(Config\Cache), false)
 6 FCPATH\index.php(67): CodeIgniter\CodeIgniter->run()
INFO - 2023-08-22 17:14:23 --> Session: Class initialized using 'CodeIgniter\Session\Handlers\FileHandler' driver.
ERROR - 2023-08-22 17:14:23 --> mysqli_sql_exception: Table 'scap.asistencia' doesn't exist in D:\laragon\www\scap\system\Database\MySQLi\Connection.php:295
Stack trace:
#0 D:\laragon\www\scap\system\Database\MySQLi\Connection.php(295): mysqli->query('SELECT *\n      ...', 0)
#1 D:\laragon\www\scap\system\Database\BaseConnection.php(691): CodeIgniter\Database\MySQLi\Connection->execute('SELECT *\n      ...')
#2 D:\laragon\www\scap\system\Database\BaseConnection.php(605): CodeIgniter\Database\BaseConnection->simpleQuery('SELECT *\n      ...')
#3 D:\laragon\www\scap\app\Controllers\Home.php(20): CodeIgniter\Database\BaseConnection->query('SELECT *\n      ...')
#4 D:\laragon\www\scap\system\CodeIgniter.php(934): App\Controllers\Home->index()
#5 D:\laragon\www\scap\system\CodeIgniter.php(499): CodeIgniter\CodeIgniter->runController(Object(App\Controllers\Home))
#6 D:\laragon\www\scap\system\CodeIgniter.php(368): CodeIgniter\CodeIgniter->handleRequest(NULL, Object(Config\Cache), false)
#7 D:\laragon\www\scap\index.php(67): CodeIgniter\CodeIgniter->run()
#8 {main}
CRITICAL - 2023-08-22 17:14:23 --> Table 'scap.asistencia' doesn't exist
in SYSTEMPATH\Database\BaseConnection.php on line 645.
 1 APPPATH\Controllers\Home.php(20): CodeIgniter\Database\BaseConnection->query('SELECT *
            FROM asistencia a 
            INNER JOIN usuario u ON u.usu_id = a.usu_id
            WHERE a.asi_fecha = \'2023-08-22\'
            ORDER BY a.asi_id DESC')
 2 SYSTEMPATH\CodeIgniter.php(934): App\Controllers\Home->index()
 3 SYSTEMPATH\CodeIgniter.php(499): CodeIgniter\CodeIgniter->runController(Object(App\Controllers\Home))
 4 SYSTEMPATH\CodeIgniter.php(368): CodeIgniter\CodeIgniter->handleRequest(null, Object(Config\Cache), false)
 5 FCPATH\index.php(67): CodeIgniter\CodeIgniter->run()
