INFO - 2023-02-02 17:55:38 --> Session: Class initialized using 'CodeIgniter\Session\Handlers\FileHandler' driver.
INFO - 2023-02-02 17:56:47 --> Session: Class initialized using 'CodeIgniter\Session\Handlers\FileHandler' driver.
INFO - 2023-02-02 17:56:48 --> Session: Class initialized using 'CodeIgniter\Session\Handlers\FileHandler' driver.
INFO - 2023-02-02 17:56:56 --> Session: Class initialized using 'CodeIgniter\Session\Handlers\FileHandler' driver.
INFO - 2023-02-02 17:58:38 --> Session: Class initialized using 'CodeIgniter\Session\Handlers\FileHandler' driver.
CRITICAL - 2023-02-02 17:58:39 --> strtotime(): Argument #2 ($baseTimestamp) must be of type ?int, string given
in APPPATH\Controllers\Home.php on line 64.
 1 APPPATH\Controllers\Home.php(64): strtotime('+30 second', '17:56:47')
 2 SYSTEMPATH\CodeIgniter.php(934): App\Controllers\Home->login()
 3 SYSTEMPATH\CodeIgniter.php(499): CodeIgniter\CodeIgniter->runController(Object(App\Controllers\Home))
 4 SYSTEMPATH\CodeIgniter.php(368): CodeIgniter\CodeIgniter->handleRequest(null, Object(Config\Cache), false)
 5 FCPATH\index.php(67): CodeIgniter\CodeIgniter->run()
INFO - 2023-02-02 18:01:03 --> Session: Class initialized using 'CodeIgniter\Session\Handlers\FileHandler' driver.
CRITICAL - 2023-02-02 18:01:03 --> strtotime(): Argument #2 ($baseTimestamp) must be of type ?int, string given
in APPPATH\Controllers\Home.php on line 64.
 1 APPPATH\Controllers\Home.php(64): strtotime('+30 minute', '17:56:47')
 2 SYSTEMPATH\CodeIgniter.php(934): App\Controllers\Home->login()
 3 SYSTEMPATH\CodeIgniter.php(499): CodeIgniter\CodeIgniter->runController(Object(App\Controllers\Home))
 4 SYSTEMPATH\CodeIgniter.php(368): CodeIgniter\CodeIgniter->handleRequest(null, Object(Config\Cache), false)
 5 FCPATH\index.php(67): CodeIgniter\CodeIgniter->run()
INFO - 2023-02-02 18:09:22 --> Session: Class initialized using 'CodeIgniter\Session\Handlers\FileHandler' driver.
INFO - 2023-02-02 18:09:58 --> Session: Class initialized using 'CodeIgniter\Session\Handlers\FileHandler' driver.
CRITICAL - 2023-02-02 18:09:58 --> Undefined variable $hr
in APPPATH\Controllers\Home.php on line 66.
 1 APPPATH\Controllers\Home.php(66): CodeIgniter\Debug\Exceptions->errorHandler(2, 'Undefined variable $hr', 'APPPATH\\Controllers\\Home.php', 66)
 2 SYSTEMPATH\CodeIgniter.php(934): App\Controllers\Home->login()
 3 SYSTEMPATH\CodeIgniter.php(499): CodeIgniter\CodeIgniter->runController(Object(App\Controllers\Home))
 4 SYSTEMPATH\CodeIgniter.php(368): CodeIgniter\CodeIgniter->handleRequest(null, Object(Config\Cache), false)
 5 FCPATH\index.php(67): CodeIgniter\CodeIgniter->run()
INFO - 2023-02-02 18:10:20 --> Session: Class initialized using 'CodeIgniter\Session\Handlers\FileHandler' driver.
INFO - 2023-02-02 18:11:03 --> Session: Class initialized using 'CodeIgniter\Session\Handlers\FileHandler' driver.
